<?xml version="1.0" encoding="UTF-8"?>
<testsuite xmlns:xsi="http://www.w3.org/2001/XMLSchema-instance" xsi:noNamespaceSchemaLocation="https://maven.apache.org/surefire/maven-surefire-plugin/xsd/surefire-test-report.xsd" name="com.wiremock.extension.AppTest" time="0.063" tests="1" errors="0" skipped="0" failures="0">
  <properties>
    <property name="sun.desktop" value="windows"/>
    <property name="awt.toolkit" value="sun.awt.windows.WToolkit"/>
    <property name="file.encoding.pkg" value="sun.io"/>
    <property name="java.specification.version" value="1.8"/>
    <property name="sun.cpu.isalist" value="amd64"/>
    <property name="sun.jnu.encoding" value="Cp1252"/>
    <property name="java.class.path" value="c:\Users\2208325\OneDrive - Cognizant\Desktop\Wiremock\extension\target\test-classes;c:\Users\2208325\OneDrive - Cognizant\Desktop\Wiremock\extension\target\classes;C:\Users\2208325\.m2\repository\junit\junit\4.11\junit-4.11.jar;C:\Users\2208325\.m2\repository\org\hamcrest\hamcrest-core\1.3\hamcrest-core-1.3.jar;C:\Users\2208325\.m2\repository\org\wiremock\wiremock-webhooks-extension\1.0.0\wiremock-webhooks-extension-1.0.0.jar;C:\Users\2208325\.m2\repository\com\github\tomakehurst\wiremock\2.21.0\wiremock-2.21.0.jar;C:\Users\2208325\.m2\repository\org\eclipse\jetty\jetty-server\9.2.26.v20180806\jetty-server-9.2.26.v20180806.jar;C:\Users\2208325\.m2\repository\javax\servlet\javax.servlet-api\3.1.0\javax.servlet-api-3.1.0.jar;C:\Users\2208325\.m2\repository\org\eclipse\jetty\jetty-http\9.2.26.v20180806\jetty-http-9.2.26.v20180806.jar;C:\Users\2208325\.m2\repository\org\eclipse\jetty\jetty-io\9.2.26.v20180806\jetty-io-9.2.26.v20180806.jar;C:\Users\2208325\.m2\repository\org\eclipse\jetty\jetty-servlet\9.2.26.v20180806\jetty-servlet-9.2.26.v20180806.jar;C:\Users\2208325\.m2\repository\org\eclipse\jetty\jetty-security\9.2.26.v20180806\jetty-security-9.2.26.v20180806.jar;C:\Users\2208325\.m2\repository\org\eclipse\jetty\jetty-servlets\9.2.26.v20180806\jetty-servlets-9.2.26.v20180806.jar;C:\Users\2208325\.m2\repository\org\eclipse\jetty\jetty-continuation\9.2.26.v20180806\jetty-continuation-9.2.26.v20180806.jar;C:\Users\2208325\.m2\repository\org\eclipse\jetty\jetty-util\9.2.26.v20180806\jetty-util-9.2.26.v20180806.jar;C:\Users\2208325\.m2\repository\org\eclipse\jetty\jetty-webapp\9.2.26.v20180806\jetty-webapp-9.2.26.v20180806.jar;C:\Users\2208325\.m2\repository\org\eclipse\jetty\jetty-xml\9.2.26.v20180806\jetty-xml-9.2.26.v20180806.jar;C:\Users\2208325\.m2\repository\com\google\guava\guava\20.0\guava-20.0.jar;C:\Users\2208325\.m2\repository\com\fasterxml\jackson\core\jackson-core\2.9.8\jackson-core-2.9.8.jar;C:\Users\2208325\.m2\repository\com\fasterxml\jackson\core\jackson-annotations\2.9.8\jackson-annotations-2.9.8.jar;C:\Users\2208325\.m2\repository\com\fasterxml\jackson\core\jackson-databind\2.9.8\jackson-databind-2.9.8.jar;C:\Users\2208325\.m2\repository\org\apache\httpcomponents\httpclient\4.5.6\httpclient-4.5.6.jar;C:\Users\2208325\.m2\repository\org\apache\httpcomponents\httpcore\4.4.10\httpcore-4.4.10.jar;C:\Users\2208325\.m2\repository\commons-logging\commons-logging\1.2\commons-logging-1.2.jar;C:\Users\2208325\.m2\repository\commons-codec\commons-codec\1.10\commons-codec-1.10.jar;C:\Users\2208325\.m2\repository\org\xmlunit\xmlunit-core\2.5.1\xmlunit-core-2.5.1.jar;C:\Users\2208325\.m2\repository\org\xmlunit\xmlunit-legacy\2.5.1\xmlunit-legacy-2.5.1.jar;C:\Users\2208325\.m2\repository\com\jayway\jsonpath\json-path\2.4.0\json-path-2.4.0.jar;C:\Users\2208325\.m2\repository\net\minidev\json-smart\2.3\json-smart-2.3.jar;C:\Users\2208325\.m2\repository\net\minidev\accessors-smart\1.2\accessors-smart-1.2.jar;C:\Users\2208325\.m2\repository\org\ow2\asm\asm\7.0\asm-7.0.jar;C:\Users\2208325\.m2\repository\org\slf4j\slf4j-api\1.7.12\slf4j-api-1.7.12.jar;C:\Users\2208325\.m2\repository\net\sf\jopt-simple\jopt-simple\5.0.3\jopt-simple-5.0.3.jar;C:\Users\2208325\.m2\repository\org\apache\commons\commons-lang3\3.7\commons-lang3-3.7.jar;C:\Users\2208325\.m2\repository\com\flipkart\zjsonpatch\zjsonpatch\0.4.4\zjsonpatch-0.4.4.jar;C:\Users\2208325\.m2\repository\com\github\jknack\handlebars\4.0.7\handlebars-4.0.7.jar;C:\Users\2208325\.m2\repository\org\antlr\antlr4-runtime\4.7.1\antlr4-runtime-4.7.1.jar;C:\Users\2208325\.m2\repository\com\github\jknack\handlebars-helpers\4.0.7\handlebars-helpers-4.0.7.jar;C:\Users\2208325\.m2\repository\com\squareup\okhttp3\okhttp\4.9.3\okhttp-4.9.3.jar;C:\Users\2208325\.m2\repository\com\squareup\okio\okio\2.8.0\okio-2.8.0.jar;C:\Users\2208325\.m2\repository\org\jetbrains\kotlin\kotlin-stdlib-common\1.4.0\kotlin-stdlib-common-1.4.0.jar;C:\Users\2208325\.m2\repository\org\jetbrains\kotlin\kotlin-stdlib\1.4.10\kotlin-stdlib-1.4.10.jar;C:\Users\2208325\.m2\repository\org\jetbrains\annotations\13.0\annotations-13.0.jar;"/>
    <property name="java.vm.vendor" value="Oracle Corporation"/>
    <property name="sun.arch.data.model" value="64"/>
    <property name="user.variant" value=""/>
    <property name="java.vendor.url" value="http://java.oracle.com/"/>
    <property name="user.timezone" value="Asia/Calcutta"/>
    <property name="java.vm.specification.version" value="1.8"/>
    <property name="os.name" value="Windows 10"/>
    <property name="user.country" value="US"/>
    <property name="sun.java.launcher" value="SUN_STANDARD"/>
    <property name="sun.boot.library.path" value="C:\Softwares\JDK64\jre\bin"/>
    <property name="sun.java.command" value="C:\Users\2208325\AppData\Local\Temp\surefire8484379789989754728\surefirebooter585313421671525826.jar C:\Users\2208325\AppData\Local\Temp\surefire8484379789989754728 2024-07-23T14-47-04_247-jvmRun1 surefire5008662485118328390tmp surefire_01141663653863822491tmp"/>
    <property name="surefire.test.class.path" value="c:\Users\2208325\OneDrive - Cognizant\Desktop\Wiremock\extension\target\test-classes;c:\Users\2208325\OneDrive - Cognizant\Desktop\Wiremock\extension\target\classes;C:\Users\2208325\.m2\repository\junit\junit\4.11\junit-4.11.jar;C:\Users\2208325\.m2\repository\org\hamcrest\hamcrest-core\1.3\hamcrest-core-1.3.jar;C:\Users\2208325\.m2\repository\org\wiremock\wiremock-webhooks-extension\1.0.0\wiremock-webhooks-extension-1.0.0.jar;C:\Users\2208325\.m2\repository\com\github\tomakehurst\wiremock\2.21.0\wiremock-2.21.0.jar;C:\Users\2208325\.m2\repository\org\eclipse\jetty\jetty-server\9.2.26.v20180806\jetty-server-9.2.26.v20180806.jar;C:\Users\2208325\.m2\repository\javax\servlet\javax.servlet-api\3.1.0\javax.servlet-api-3.1.0.jar;C:\Users\2208325\.m2\repository\org\eclipse\jetty\jetty-http\9.2.26.v20180806\jetty-http-9.2.26.v20180806.jar;C:\Users\2208325\.m2\repository\org\eclipse\jetty\jetty-io\9.2.26.v20180806\jetty-io-9.2.26.v20180806.jar;C:\Users\2208325\.m2\repository\org\eclipse\jetty\jetty-servlet\9.2.26.v20180806\jetty-servlet-9.2.26.v20180806.jar;C:\Users\2208325\.m2\repository\org\eclipse\jetty\jetty-security\9.2.26.v20180806\jetty-security-9.2.26.v20180806.jar;C:\Users\2208325\.m2\repository\org\eclipse\jetty\jetty-servlets\9.2.26.v20180806\jetty-servlets-9.2.26.v20180806.jar;C:\Users\2208325\.m2\repository\org\eclipse\jetty\jetty-continuation\9.2.26.v20180806\jetty-continuation-9.2.26.v20180806.jar;C:\Users\2208325\.m2\repository\org\eclipse\jetty\jetty-util\9.2.26.v20180806\jetty-util-9.2.26.v20180806.jar;C:\Users\2208325\.m2\repository\org\eclipse\jetty\jetty-webapp\9.2.26.v20180806\jetty-webapp-9.2.26.v20180806.jar;C:\Users\2208325\.m2\repository\org\eclipse\jetty\jetty-xml\9.2.26.v20180806\jetty-xml-9.2.26.v20180806.jar;C:\Users\2208325\.m2\repository\com\google\guava\guava\20.0\guava-20.0.jar;C:\Users\2208325\.m2\repository\com\fasterxml\jackson\core\jackson-core\2.9.8\jackson-core-2.9.8.jar;C:\Users\2208325\.m2\repository\com\fasterxml\jackson\core\jackson-annotations\2.9.8\jackson-annotations-2.9.8.jar;C:\Users\2208325\.m2\repository\com\fasterxml\jackson\core\jackson-databind\2.9.8\jackson-databind-2.9.8.jar;C:\Users\2208325\.m2\repository\org\apache\httpcomponents\httpclient\4.5.6\httpclient-4.5.6.jar;C:\Users\2208325\.m2\repository\org\apache\httpcomponents\httpcore\4.4.10\httpcore-4.4.10.jar;C:\Users\2208325\.m2\repository\commons-logging\commons-logging\1.2\commons-logging-1.2.jar;C:\Users\2208325\.m2\repository\commons-codec\commons-codec\1.10\commons-codec-1.10.jar;C:\Users\2208325\.m2\repository\org\xmlunit\xmlunit-core\2.5.1\xmlunit-core-2.5.1.jar;C:\Users\2208325\.m2\repository\org\xmlunit\xmlunit-legacy\2.5.1\xmlunit-legacy-2.5.1.jar;C:\Users\2208325\.m2\repository\com\jayway\jsonpath\json-path\2.4.0\json-path-2.4.0.jar;C:\Users\2208325\.m2\repository\net\minidev\json-smart\2.3\json-smart-2.3.jar;C:\Users\2208325\.m2\repository\net\minidev\accessors-smart\1.2\accessors-smart-1.2.jar;C:\Users\2208325\.m2\repository\org\ow2\asm\asm\7.0\asm-7.0.jar;C:\Users\2208325\.m2\repository\org\slf4j\slf4j-api\1.7.12\slf4j-api-1.7.12.jar;C:\Users\2208325\.m2\repository\net\sf\jopt-simple\jopt-simple\5.0.3\jopt-simple-5.0.3.jar;C:\Users\2208325\.m2\repository\org\apache\commons\commons-lang3\3.7\commons-lang3-3.7.jar;C:\Users\2208325\.m2\repository\com\flipkart\zjsonpatch\zjsonpatch\0.4.4\zjsonpatch-0.4.4.jar;C:\Users\2208325\.m2\repository\com\github\jknack\handlebars\4.0.7\handlebars-4.0.7.jar;C:\Users\2208325\.m2\repository\org\antlr\antlr4-runtime\4.7.1\antlr4-runtime-4.7.1.jar;C:\Users\2208325\.m2\repository\com\github\jknack\handlebars-helpers\4.0.7\handlebars-helpers-4.0.7.jar;C:\Users\2208325\.m2\repository\com\squareup\okhttp3\okhttp\4.9.3\okhttp-4.9.3.jar;C:\Users\2208325\.m2\repository\com\squareup\okio\okio\2.8.0\okio-2.8.0.jar;C:\Users\2208325\.m2\repository\org\jetbrains\kotlin\kotlin-stdlib-common\1.4.0\kotlin-stdlib-common-1.4.0.jar;C:\Users\2208325\.m2\repository\org\jetbrains\kotlin\kotlin-stdlib\1.4.10\kotlin-stdlib-1.4.10.jar;C:\Users\2208325\.m2\repository\org\jetbrains\annotations\13.0\annotations-13.0.jar;"/>
    <property name="sun.cpu.endian" value="little"/>
    <property name="user.home" value="C:\Users\2208325"/>
    <property name="user.language" value="en"/>
    <property name="java.specification.vendor" value="Oracle Corporation"/>
    <property name="java.home" value="C:\Softwares\JDK64\jre"/>
    <property name="basedir" value="c:\Users\2208325\OneDrive - Cognizant\Desktop\Wiremock\extension"/>
    <property name="file.separator" value="\"/>
    <property name="line.separator" value="&#10;"/>
    <property name="java.vm.specification.vendor" value="Oracle Corporation"/>
    <property name="java.specification.name" value="Java Platform API Specification"/>
    <property name="java.awt.graphicsenv" value="sun.awt.Win32GraphicsEnvironment"/>
    <property name="surefire.real.class.path" value="C:\Users\2208325\AppData\Local\Temp\surefire8484379789989754728\surefirebooter585313421671525826.jar"/>
    <property name="sun.boot.class.path" value="C:\Softwares\JDK64\jre\lib\resources.jar;C:\Softwares\JDK64\jre\lib\rt.jar;C:\Softwares\JDK64\jre\lib\sunrsasign.jar;C:\Softwares\JDK64\jre\lib\jsse.jar;C:\Softwares\JDK64\jre\lib\jce.jar;C:\Softwares\JDK64\jre\lib\charsets.jar;C:\Softwares\JDK64\jre\lib\jfr.jar;C:\Softwares\JDK64\jre\classes"/>
    <property name="user.script" value=""/>
    <property name="sun.management.compiler" value="HotSpot 64-Bit Tiered Compilers"/>
    <property name="java.runtime.version" value="1.8.0_241-b07"/>
    <property name="user.name" value="2208325"/>
    <property name="path.separator" value=";"/>
    <property name="os.version" value="10.0"/>
    <property name="java.endorsed.dirs" value="C:\Softwares\JDK64\jre\lib\endorsed"/>
    <property name="java.runtime.name" value="Java(TM) SE Runtime Environment"/>
    <property name="file.encoding" value="Cp1252"/>
    <property name="java.vm.name" value="Java HotSpot(TM) 64-Bit Server VM"/>
    <property name="localRepository" value="C:\Users\2208325\.m2\repository"/>
    <property name="java.vendor.url.bug" value="http://bugreport.sun.com/bugreport/"/>
    <property name="java.io.tmpdir" value="C:\Users\2208325\AppData\Local\Temp\"/>
    <property name="java.version" value="1.8.0_241"/>
    <property name="user.dir" value="c:\Users\2208325\OneDrive - Cognizant\Desktop\Wiremock\extension"/>
    <property name="os.arch" value="amd64"/>
    <property name="java.vm.specification.name" value="Java Virtual Machine Specification"/>
    <property name="java.awt.printerjob" value="sun.awt.windows.WPrinterJob"/>
    <property name="sun.os.patch.level" value=""/>
    <property name="java.library.path" value="C:\Softwares\JDK64\jre\bin;C:\WINDOWS\Sun\Java\bin;C:\WINDOWS\system32;C:\WINDOWS;C:\Program Files\RedHat\java-11-openjdk-11.0.13-1\bin;C:\Program Files (x86)\Common Files\Oracle\Java\java8path;C:\Program Files (x86)\Common Files\Oracle\Java\javapath;C:\Softwares\JDK64\bin;C:\Program Files\OpenJDK\jre-8.0.262.10-hotspot\bin;C:\WINDOWS\system32;C:\WINDOWS;C:\WINDOWS\System32\Wbem;C:\WINDOWS\System32\WindowsPowerShell\v1.0\;C:\WINDOWS\System32\OpenSSH\;C:\Program Files\Microsoft VS Code\bin;C:\Softwares\apache-maven-3.8.6\bin;C:\Users\2208325\AppData\Local\Microsoft\WindowsApps;C:\Users\2208325\AppData\Local\GitHubDesktop\bin;C:\Users\2208325\AppData\Local\Programs\Git\cmd;C:\Program Files\PostgreSQL\14\bin;C:\Program Files\PostgreSQL\14\lib;;."/>
    <property name="java.vm.info" value="mixed mode"/>
    <property name="java.vendor" value="Oracle Corporation"/>
    <property name="java.vm.version" value="25.241-b07"/>
    <property name="java.ext.dirs" value="C:\Softwares\JDK64\jre\lib\ext;C:\WINDOWS\Sun\Java\lib\ext"/>
    <property name="sun.io.unicode.encoding" value="UnicodeLittle"/>
    <property name="java.class.version" value="52.0"/>
  </properties>
  <testcase name="shouldAnswerWithTrue" classname="com.wiremock.extension.AppTest" time="0.005"/>
</testsuite>